50002_one_leg_loose
50025_shake_shoulders
50007_one_leg_jump
50002_knees
50002_light_hopping_stiff
50004_jiggle_on_toes
50004_shake_hips
50026_chicken_wings
50007_punching
50022_one_leg_jump
50009_light_hopping_stiff
50025_light_hopping_stiff
50007_shake_arms
50026_running_on_spot
50025_chicken_wings
50020_shake_hips
50026_shake_hips
50027_light_hopping_stiff
50009_shake_hips
50009_light_hopping_loose
50020_jiggle_on_toes
50025_one_leg_loose
50009_punching
50027_hips
50002_running_on_spot
50026_light_hopping_stiff
50026_jiggle_on_toes
50020_shake_shoulders
50007_light_hopping_stiff
50007_jiggle_on_toes
50027_punching
50009_running_on_spot
50002_shake_arms
50022_knees
50007_jumping_jacks
50027_running_on_spot
50022_running_on_spot
50004_knees
50027_one_leg_loose
50009_one_leg_jump
50026_jumping_jacks
50009_one_leg_loose
50027_jiggle_on_toes
50020_knees
50027_light_hopping_loose
50026_knees
50004_jumping_jacks
50026_one_leg_jump
50004_hips
50027_shake_arms
50026_hips
50020_punching
50025_jiggle_on_toes
50022_punching
50004_light_hopping_loose
50009_jumping_jacks
50002_one_leg_jump
50007_knees
50027_jumping_jacks
50022_shake_arms
50002_jiggle_on_toes
50002_hips
50009_jiggle_on_toes
50022_jiggle_on_toes
50007_shake_hips
50022_hips
50026_punching
50026_one_leg_loose
50025_running_on_spot
50025_knees
50025_hips
50020_light_hopping_stiff
50026_shake_shoulders
50002_jumping_jacks
50022_light_hopping_stiff
50027_one_leg_jump
50002_punching
50022_shake_shoulders
50004_running_on_spot
50020_light_hopping_loose
50022_shake_hips
50004_one_leg_loose
50022_jumping_jacks
50002_chicken_wings
50022_one_leg_loose
50027_knees
50004_shake_arms
50007_chicken_wings
50002_shake_hips
50007_one_leg_loose
50004_shake_shoulders
50009_hips
50007_running_on_spot
50025_shake_hips
50002_shake_shoulders
50020_shake_arms
50027_shake_hips
50026_light_hopping_loose
50025_one_leg_jump
50020_one_leg_loose
50004_one_leg_jump
50025_punching
50020_one_leg_jump
50004_light_hopping_stiff
50002_light_hopping_loose
50004_punching
50007_shake_shoulders
50009_chicken_wings
50020_chicken_wings
50022_light_hopping_loose
50025_light_hopping_loose
50026_shake_arms
50027_shake_shoulders
50021_chicken_wings
50021_knees
50021_one_leg_jump
50021_punching
50021_shake_arms
50021_shake_shoulders
50021_hips
50021_light_hopping_stiff
50021_one_leg_loose
50021_running_on_spot
50021_shake_hips
